dupchar=d; priosum now 4.
dupchar=G; priosum now 37.
dupchar=t; priosum now 57.
dupchar=f; priosum now 63.
dupchar=l; priosum now 75.
dupchar=b; priosum now 77.
dupchar=C; priosum now 106.
dupchar=J; priosum now 142.
dupchar=C; priosum now 171.
dupchar=M; priosum now 210.
dupchar=n; priosum now 224.
dupchar=B; priosum now 252.
dupchar=s; priosum now 271.
dupchar=Z; priosum now 323.
dupchar=C; priosum now 352.
dupchar=t; priosum now 372.
dupchar=b; priosum now 374.
dupchar=S; priosum now 419.
dupchar=R; priosum now 463.
dupchar=n; priosum now 477.
dupchar=s; priosum now 496.
dupchar=r; priosum now 514.
dupchar=G; priosum now 547.
dupchar=q; priosum now 564.
dupchar=F; priosum now 596.
dupchar=N; priosum now 636.
dupchar=z; priosum now 662.
dupchar=B; priosum now 690.
dupchar=z; priosum now 716.
dupchar=r; priosum now 734.
dupchar=q; priosum now 751.
dupchar=f; priosum now 757.
dupchar=z; priosum now 783.
dupchar=T; priosum now 829.
dupchar=w; priosum now 852.
dupchar=F; priosum now 884.
dupchar=h; priosum now 892.
dupchar=C; priosum now 921.
dupchar=F; priosum now 953.
dupchar=d; priosum now 957.
dupchar=j; priosum now 967.
dupchar=t; priosum now 987.
dupchar=l; priosum now 999.
dupchar=p; priosum now 1015.
dupchar=L; priosum now 1053.
dupchar=j; priosum now 1063.
dupchar=h; priosum now 1071.
dupchar=s; priosum now 1090.
dupchar=N; priosum now 1130.
dupchar=c; priosum now 1133.
dupchar=d; priosum now 1137.
dupchar=F; priosum now 1169.
dupchar=s; priosum now 1188.
dupchar=S; priosum now 1233.
dupchar=h; priosum now 1241.
dupchar=r; priosum now 1259.
dupchar=D; priosum now 1289.
dupchar=w; priosum now 1312.
dupchar=R; priosum now 1356.
dupchar=D; priosum now 1386.
dupchar=j; priosum now 1396.
dupchar=q; priosum now 1413.
dupchar=P; priosum now 1455.
dupchar=B; priosum now 1483.
dupchar=N; priosum now 1523.
dupchar=T; priosum now 1569.
dupchar=f; priosum now 1575.
dupchar=m; priosum now 1588.
dupchar=D; priosum now 1618.
dupchar=R; priosum now 1662.
dupchar=g; priosum now 1669.
dupchar=L; priosum now 1707.
dupchar=T; priosum now 1753.
dupchar=p; priosum now 1769.
dupchar=N; priosum now 1809.
dupchar=G; priosum now 1842.
dupchar=S; priosum now 1887.
dupchar=h; priosum now 1895.
dupchar=g; priosum now 1902.
dupchar=v; priosum now 1924.
dupchar=q; priosum now 1941.
dupchar=b; priosum now 1943.
dupchar=n; priosum now 1957.
dupchar=G; priosum now 1990.
dupchar=D; priosum now 2020.
dupchar=s; priosum now 2039.
dupchar=C; priosum now 2068.
dupchar=j; priosum now 2078.
dupchar=q; priosum now 2095.
dupchar=Q; priosum now 2138.
dupchar=m; priosum now 2151.
dupchar=B; priosum now 2179.
dupchar=m; priosum now 2192.
dupchar=z; priosum now 2218.
dupchar=v; priosum now 2240.
dupchar=R; priosum now 2284.
dupchar=h; priosum now 2292.
dupchar=C; priosum now 2321.
dupchar=H; priosum now 2355.
dupchar=h; priosum now 2363.
overall sum of item prios is 2363
