71-87,70-88 --> right covers left. 
8-92,6-97 --> right covers left. 
7-68,8-69 --> single-side overlap
47-47,47-48 --> right covers left. 
74-94,51-93 --> single-side overlap
48-63,48-49 --> left covers right. 
26-57,57-58 --> single-side overlap
62-63,11-76 --> right covers left. 
16-66,15-47 --> single-side overlap
27-65,27-62 --> left covers right. 
19-81,19-81 --> left covers right. right covers left. 
19-19,18-18 --> 
4-5,5-15 --> single-side overlap
75-84,39-75 --> single-side overlap
96-96,20-83 --> 
1-59,28-60 --> single-side overlap
13-14,14-88 --> single-side overlap
15-96,96-99 --> single-side overlap
4-64,1-4 --> single-side overlap
22-95,42-95 --> left covers right. 
52-53,52-78 --> right covers left. 
58-75,63-67 --> left covers right. 
25-75,63-76 --> single-side overlap
10-19,9-37 --> right covers left. 
46-81,65-65 --> left covers right. 
4-61,5-62 --> single-side overlap
66-66,67-67 --> 
45-82,83-96 --> 
74-96,95-96 --> left covers right. 
41-98,41-99 --> right covers left. 
22-92,21-92 --> right covers left. 
22-29,1-32 --> right covers left. 
85-86,36-84 --> 
21-21,22-90 --> 
13-83,15-82 --> left covers right. 
75-75,41-75 --> right covers left. 
78-78,1-78 --> right covers left. 
14-93,14-48 --> left covers right. 
58-87,58-58 --> left covers right. 
16-87,88-90 --> 
23-64,24-58 --> left covers right. 
2-71,1-2 --> single-side overlap
31-52,53-70 --> 
65-95,66-96 --> single-side overlap
5-42,4-41 --> single-side overlap
1-79,2-80 --> single-side overlap
4-71,36-72 --> single-side overlap
94-95,4-94 --> single-side overlap
23-89,24-79 --> left covers right. 
8-53,32-53 --> left covers right. 
51-59,30-59 --> right covers left. 
13-55,13-55 --> left covers right. right covers left. 
13-72,46-71 --> left covers right. 
9-78,8-9 --> single-side overlap
57-74,56-69 --> single-side overlap
91-91,91-91 --> left covers right. right covers left. 
8-31,4-31 --> right covers left. 
39-54,36-85 --> right covers left. 
7-35,6-65 --> right covers left. 
5-83,8-80 --> left covers right. 
5-93,5-95 --> right covers left. 
44-53,52-52 --> left covers right. 
11-94,10-93 --> single-side overlap
1-6,7-99 --> 
42-61,33-61 --> right covers left. 
7-29,8-80 --> single-side overlap
4-5,5-31 --> single-side overlap
42-42,43-83 --> 
43-81,63-82 --> single-side overlap
6-96,98-99 --> 
22-83,7-86 --> right covers left. 
19-83,18-60 --> single-side overlap
39-40,40-41 --> single-side overlap
6-99,5-5 --> 
16-94,16-94 --> left covers right. right covers left. 
51-53,23-52 --> single-side overlap
4-84,4-83 --> left covers right. 
8-67,67-68 --> single-side overlap
3-85,2-3 --> single-side overlap
21-50,44-48 --> left covers right. 
42-85,43-86 --> single-side overlap
19-69,20-70 --> single-side overlap
15-15,15-86 --> right covers left. 
70-78,71-78 --> left covers right. 
12-46,45-88 --> single-side overlap
33-87,32-90 --> right covers left. 
21-90,20-94 --> right covers left. 
4-99,3-3 --> 
50-87,4-91 --> right covers left. 
3-91,3-4 --> left covers right. 
9-41,9-42 --> right covers left. 
41-54,40-54 --> right covers left. 
46-46,10-45 --> 
59-87,58-78 --> single-side overlap
72-97,71-71 --> 
1-87,87-88 --> single-side overlap
32-33,31-80 --> right covers left. 
29-97,98-99 --> 
73-75,74-76 --> single-side overlap
41-93,30-92 --> single-side overlap
1-82,15-49 --> left covers right. 
13-41,14-42 --> single-side overlap
19-39,39-40 --> single-side overlap
8-92,34-92 --> left covers right. 
10-49,11-94 --> single-side overlap
19-81,11-82 --> right covers left. 
95-98,25-95 --> single-side overlap
16-89,2-16 --> single-side overlap
51-85,52-68 --> left covers right. 
19-95,18-53 --> single-side overlap
1-14,1-15 --> right covers left. 
25-25,25-28 --> right covers left. 
14-35,14-15 --> left covers right. 
31-66,32-67 --> single-side overlap
20-93,19-69 --> single-side overlap
68-82,68-82 --> left covers right. right covers left. 
17-69,68-71 --> single-side overlap
4-84,5-83 --> left covers right. 
1-76,4-77 --> single-side overlap
3-92,39-94 --> single-side overlap
95-97,30-88 --> 
51-98,71-98 --> left covers right. 
29-74,75-99 --> 
12-19,14-19 --> left covers right. 
27-99,26-99 --> right covers left. 
17-77,16-75 --> single-side overlap
1-2,3-38 --> 
38-38,37-99 --> right covers left. 
13-45,14-46 --> single-side overlap
25-93,26-94 --> single-side overlap
88-90,88-91 --> right covers left. 
40-57,39-56 --> single-side overlap
23-23,24-67 --> 
28-92,94-99 --> 
1-71,1-71 --> left covers right. right covers left. 
41-96,40-95 --> single-side overlap
4-97,3-98 --> right covers left. 
9-25,4-24 --> single-side overlap
70-71,70-70 --> left covers right. 
14-54,13-39 --> single-side overlap
10-40,10-40 --> left covers right. right covers left. 
63-87,16-82 --> single-side overlap
41-94,40-57 --> single-side overlap
60-90,61-91 --> single-side overlap
14-92,14-15 --> left covers right. 
6-92,16-91 --> left covers right. 
21-77,21-77 --> left covers right. right covers left. 
70-71,59-70 --> single-side overlap
19-69,61-69 --> left covers right. 
97-97,4-98 --> right covers left. 
12-79,12-80 --> right covers left. 
15-86,86-89 --> single-side overlap
49-67,19-66 --> single-side overlap
63-91,92-94 --> 
6-98,5-98 --> right covers left. 
15-15,15-68 --> right covers left. 
9-17,17-97 --> single-side overlap
5-87,4-87 --> right covers left. 
3-96,14-84 --> left covers right. 
21-83,21-82 --> left covers right. 
1-92,92-92 --> left covers right. 
1-37,5-38 --> single-side overlap
17-93,11-98 --> right covers left. 
38-66,21-67 --> right covers left. 
1-65,2-66 --> single-side overlap
7-91,6-48 --> single-side overlap
2-29,3-30 --> single-side overlap
36-79,7-84 --> right covers left. 
78-79,75-79 --> right covers left. 
69-83,79-83 --> left covers right. 
34-67,39-68 --> single-side overlap
2-93,92-93 --> left covers right. 
7-53,5-7 --> single-side overlap
90-91,18-90 --> single-side overlap
73-93,55-74 --> single-side overlap
24-81,98-98 --> 
2-76,18-71 --> left covers right. 
28-94,94-94 --> left covers right. 
13-14,9-13 --> single-side overlap
40-64,41-63 --> left covers right. 
89-98,1-87 --> 
87-98,71-97 --> single-side overlap
31-53,32-67 --> single-side overlap
14-32,15-32 --> left covers right. 
11-96,37-61 --> left covers right. 
69-70,69-89 --> right covers left. 
22-32,15-46 --> right covers left. 
33-47,47-87 --> single-side overlap
4-6,7-73 --> 
26-70,1-71 --> right covers left. 
5-91,1-90 --> single-side overlap
6-55,5-54 --> single-side overlap
5-71,4-5 --> single-side overlap
55-86,54-70 --> single-side overlap
13-33,34-34 --> 
53-93,93-99 --> single-side overlap
31-96,31-99 --> right covers left. 
47-72,46-71 --> single-side overlap
54-73,53-98 --> right covers left. 
44-92,45-72 --> left covers right. 
1-10,11-17 --> 
53-77,53-96 --> right covers left. 
52-74,53-75 --> single-side overlap
30-95,30-98 --> right covers left. 
3-58,58-58 --> left covers right. 
32-92,32-33 --> left covers right. 
2-3,3-33 --> single-side overlap
25-43,20-42 --> single-side overlap
10-80,65-81 --> single-side overlap
5-97,6-98 --> single-side overlap
37-41,36-53 --> right covers left. 
57-79,78-88 --> single-side overlap
24-89,23-89 --> right covers left. 
97-97,70-96 --> 
40-69,40-70 --> right covers left. 
10-90,89-92 --> single-side overlap
42-86,43-87 --> single-side overlap
26-84,27-85 --> single-side overlap
15-15,16-99 --> 
7-68,67-67 --> left covers right. 
3-97,1-96 --> single-side overlap
1-98,4-95 --> left covers right. 
2-99,2-99 --> left covers right. right covers left. 
66-66,12-66 --> right covers left. 
57-89,90-93 --> 
18-93,32-88 --> left covers right. 
37-77,37-76 --> left covers right. 
74-74,60-74 --> right covers left. 
4-83,7-73 --> left covers right. 
17-98,18-99 --> single-side overlap
1-82,5-60 --> left covers right. 
73-89,4-55 --> 
15-81,3-15 --> single-side overlap
51-93,74-93 --> left covers right. 
16-18,17-37 --> single-side overlap
69-69,69-99 --> right covers left. 
30-97,30-31 --> left covers right. 
16-80,5-85 --> right covers left. 
2-13,3-14 --> single-side overlap
76-95,34-85 --> single-side overlap
35-83,82-83 --> left covers right. 
14-15,15-85 --> single-side overlap
5-93,7-66 --> left covers right. 
24-71,42-90 --> single-side overlap
23-36,9-35 --> single-side overlap
31-79,31-79 --> left covers right. right covers left. 
15-71,53-72 --> single-side overlap
69-73,68-75 --> right covers left. 
3-89,3-89 --> left covers right. right covers left. 
14-81,67-98 --> single-side overlap
82-87,86-93 --> single-side overlap
67-69,68-68 --> left covers right. 
7-78,7-7 --> left covers right. 
2-85,3-85 --> left covers right. 
16-72,16-71 --> left covers right. 
2-98,1-1 --> 
28-31,27-43 --> right covers left. 
88-93,58-68 --> 
13-88,3-12 --> 
17-91,18-98 --> single-side overlap
91-99,65-99 --> right covers left. 
1-60,8-42 --> left covers right. 
16-84,16-88 --> right covers left. 
10-49,50-50 --> 
20-21,20-71 --> right covers left. 
59-85,59-85 --> left covers right. right covers left. 
53-62,61-76 --> single-side overlap
18-53,51-51 --> left covers right. 
65-94,15-66 --> single-side overlap
17-72,40-68 --> left covers right. 
53-76,21-75 --> single-side overlap
54-96,96-96 --> left covers right. 
2-17,17-17 --> left covers right. 
73-93,29-94 --> right covers left. 
1-5,4-59 --> single-side overlap
1-98,1-97 --> left covers right. 
12-77,12-81 --> right covers left. 
84-97,84-85 --> left covers right. 
1-77,43-78 --> single-side overlap
45-91,45-90 --> left covers right. 
69-94,36-44 --> 
11-97,10-94 --> single-side overlap
6-70,6-65 --> left covers right. 
42-56,8-41 --> 
48-54,45-55 --> right covers left. 
23-88,24-88 --> left covers right. 
28-92,69-95 --> single-side overlap
9-15,8-13 --> single-side overlap
46-81,74-82 --> single-side overlap
66-88,8-67 --> single-side overlap
24-32,33-33 --> 
12-90,11-93 --> right covers left. 
28-56,27-55 --> single-side overlap
33-56,33-34 --> left covers right. 
40-85,44-86 --> single-side overlap
15-70,2-15 --> single-side overlap
71-90,68-80 --> single-side overlap
14-93,12-96 --> right covers left. 
4-96,3-95 --> single-side overlap
18-18,17-32 --> right covers left. 
78-79,46-78 --> single-side overlap
4-62,62-63 --> single-side overlap
59-84,5-59 --> single-side overlap
15-24,15-16 --> left covers right. 
24-84,14-91 --> right covers left. 
19-92,10-46 --> single-side overlap
3-4,4-72 --> single-side overlap
21-90,18-21 --> single-side overlap
95-98,58-83 --> 
19-97,14-99 --> right covers left. 
5-97,4-98 --> right covers left. 
21-78,20-93 --> right covers left. 
14-15,14-98 --> right covers left. 
54-60,53-67 --> right covers left. 
8-40,40-89 --> single-side overlap
29-70,30-71 --> single-side overlap
9-9,8-8 --> 
90-98,89-89 --> 
69-98,98-99 --> single-side overlap
3-91,3-4 --> left covers right. 
10-94,11-95 --> single-side overlap
59-83,48-83 --> right covers left. 
1-5,5-95 --> single-side overlap
91-97,37-92 --> single-side overlap
14-96,14-88 --> left covers right. 
2-86,86-89 --> single-side overlap
8-40,39-40 --> left covers right. 
52-80,53-80 --> left covers right. 
57-81,33-85 --> right covers left. 
24-89,23-25 --> single-side overlap
36-65,18-65 --> right covers left. 
3-58,2-54 --> single-side overlap
74-90,31-74 --> single-side overlap
11-94,11-12 --> left covers right. 
21-70,22-71 --> single-side overlap
19-72,20-73 --> single-side overlap
33-34,34-94 --> single-side overlap
30-96,79-96 --> left covers right. 
5-92,4-5 --> single-side overlap
23-84,24-82 --> left covers right. 
32-33,34-76 --> 
13-64,13-14 --> left covers right. 
38-41,42-70 --> 
24-86,76-92 --> single-side overlap
61-70,11-70 --> right covers left. 
48-95,49-96 --> single-side overlap
77-83,83-95 --> single-side overlap
13-63,14-64 --> single-side overlap
7-52,51-53 --> single-side overlap
42-61,43-51 --> left covers right. 
67-93,66-93 --> right covers left. 
4-23,24-24 --> 
13-14,13-13 --> left covers right. 
41-93,42-92 --> left covers right. 
14-79,13-78 --> single-side overlap
64-83,78-82 --> left covers right. 
2-89,5-89 --> left covers right. 
19-19,18-18 --> 
58-76,47-76 --> right covers left. 
88-97,4-89 --> single-side overlap
65-74,65-66 --> left covers right. 
39-97,40-50 --> left covers right. 
74-98,75-97 --> left covers right. 
14-15,14-67 --> right covers left. 
13-95,12-94 --> single-side overlap
12-79,13-79 --> left covers right. 
11-68,12-69 --> single-side overlap
57-87,86-86 --> left covers right. 
7-21,6-82 --> right covers left. 
76-83,25-77 --> single-side overlap
7-10,5-12 --> right covers left. 
98-98,8-99 --> right covers left. 
2-93,3-94 --> single-side overlap
5-13,4-12 --> single-side overlap
78-81,78-80 --> left covers right. 
98-99,11-99 --> right covers left. 
52-67,53-66 --> left covers right. 
86-86,82-87 --> right covers left. 
4-65,4-65 --> left covers right. right covers left. 
60-96,59-95 --> single-side overlap
7-87,8-94 --> single-side overlap
53-88,87-93 --> single-side overlap
4-10,3-69 --> right covers left. 
2-21,21-65 --> single-side overlap
10-35,2-9 --> 
3-56,4-6 --> left covers right. 
65-99,64-99 --> right covers left. 
22-95,43-96 --> single-side overlap
37-75,36-86 --> right covers left. 
60-92,16-45 --> 
33-81,99-99 --> 
2-49,48-48 --> left covers right. 
44-99,44-99 --> left covers right. right covers left. 
8-79,78-80 --> single-side overlap
81-90,1-82 --> single-side overlap
98-99,28-99 --> right covers left. 
44-98,43-88 --> single-side overlap
48-78,30-98 --> right covers left. 
45-91,46-99 --> single-side overlap
3-91,3-91 --> left covers right. right covers left. 
90-90,23-91 --> right covers left. 
24-75,30-75 --> left covers right. 
10-75,11-59 --> left covers right. 
10-43,11-44 --> single-side overlap
21-31,20-21 --> single-side overlap
2-2,3-97 --> 
51-51,51-51 --> left covers right. right covers left. 
22-67,67-67 --> left covers right. 
94-97,95-99 --> single-side overlap
98-98,63-97 --> 
92-93,92-93 --> left covers right. right covers left. 
7-88,7-89 --> right covers left. 
67-93,67-68 --> left covers right. 
48-92,47-91 --> single-side overlap
13-83,83-85 --> single-side overlap
6-7,6-79 --> right covers left. 
34-92,35-92 --> left covers right. 
39-42,35-41 --> single-side overlap
44-95,57-96 --> single-side overlap
8-61,7-7 --> 
39-39,34-39 --> right covers left. 
28-57,28-57 --> left covers right. right covers left. 
33-39,32-32 --> 
15-15,15-72 --> right covers left. 
29-92,28-91 --> single-side overlap
76-87,85-96 --> single-side overlap
15-37,8-14 --> 
39-54,39-40 --> left covers right. 
7-48,6-48 --> right covers left. 
55-75,51-74 --> single-side overlap
16-78,16-79 --> right covers left. 
34-34,35-84 --> 
7-61,8-62 --> single-side overlap
80-92,31-50 --> 
37-41,40-56 --> single-side overlap
3-82,82-99 --> single-side overlap
14-74,15-30 --> left covers right. 
91-91,18-91 --> right covers left. 
10-97,98-99 --> 
76-96,76-77 --> left covers right. 
17-97,98-98 --> 
24-89,23-24 --> single-side overlap
14-90,15-91 --> single-side overlap
89-98,90-99 --> single-side overlap
55-64,54-70 --> right covers left. 
17-99,18-98 --> left covers right. 
4-4,3-84 --> right covers left. 
42-99,43-61 --> left covers right. 
99-99,4-89 --> 
21-86,22-86 --> left covers right. 
79-96,37-79 --> single-side overlap
99-99,36-96 --> 
67-79,69-80 --> single-side overlap
27-55,27-28 --> left covers right. 
27-77,54-64 --> left covers right. 
99-99,18-95 --> 
17-96,18-96 --> left covers right. 
15-45,14-45 --> right covers left. 
28-30,27-47 --> right covers left. 
61-83,82-84 --> single-side overlap
39-47,41-44 --> left covers right. 
57-95,94-94 --> left covers right. 
22-42,21-46 --> right covers left. 
6-75,75-75 --> left covers right. 
6-97,1-97 --> right covers left. 
26-49,27-50 --> single-side overlap
54-96,54-96 --> left covers right. right covers left. 
63-87,46-86 --> single-side overlap
21-70,69-71 --> single-side overlap
61-90,89-91 --> single-side overlap
81-87,60-81 --> single-side overlap
5-94,6-6 --> left covers right. 
6-85,10-84 --> left covers right. 
37-40,36-39 --> single-side overlap
74-76,75-77 --> single-side overlap
9-96,99-99 --> 
20-20,21-49 --> 
1-2,2-89 --> single-side overlap
17-59,58-99 --> single-side overlap
20-91,20-91 --> left covers right. right covers left. 
79-91,79-87 --> left covers right. 
51-92,91-93 --> single-side overlap
90-96,9-91 --> single-side overlap
72-82,43-98 --> right covers left. 
55-99,54-55 --> single-side overlap
3-20,6-81 --> single-side overlap
26-98,26-97 --> left covers right. 
7-97,7-8 --> left covers right. 
26-71,19-70 --> single-side overlap
24-60,97-98 --> 
90-91,33-91 --> right covers left. 
12-69,11-68 --> single-side overlap
16-34,4-15 --> 
8-24,18-25 --> single-side overlap
92-97,3-87 --> 
44-96,96-96 --> left covers right. 
10-51,9-58 --> right covers left. 
3-62,4-63 --> single-side overlap
10-68,2-69 --> right covers left. 
21-85,85-86 --> single-side overlap
26-26,14-25 --> 
46-87,1-99 --> right covers left. 
47-85,48-66 --> left covers right. 
15-89,89-98 --> single-side overlap
86-86,85-85 --> 
45-62,52-63 --> single-side overlap
10-93,87-90 --> left covers right. 
19-83,21-30 --> left covers right. 
22-87,88-94 --> 
27-96,28-96 --> left covers right. 
77-80,19-77 --> single-side overlap
4-22,21-21 --> left covers right. 
19-97,20-84 --> left covers right. 
43-94,22-95 --> right covers left. 
69-69,10-69 --> right covers left. 
1-94,1-94 --> left covers right. right covers left. 
72-90,79-91 --> single-side overlap
16-16,17-67 --> 
11-12,11-51 --> right covers left. 
94-96,12-65 --> 
33-91,32-97 --> right covers left. 
38-38,30-38 --> right covers left. 
47-49,48-51 --> single-side overlap
92-96,18-92 --> single-side overlap
6-89,6-7 --> left covers right. 
32-32,33-37 --> 
11-98,98-99 --> single-side overlap
13-38,38-39 --> single-side overlap
66-67,61-66 --> single-side overlap
81-83,4-82 --> single-side overlap
15-95,5-95 --> right covers left. 
82-99,13-97 --> single-side overlap
98-98,70-98 --> right covers left. 
16-19,12-20 --> right covers left. 
3-96,2-96 --> right covers left. 
25-70,26-71 --> single-side overlap
66-73,1-72 --> single-side overlap
4-79,69-78 --> left covers right. 
14-88,13-87 --> single-side overlap
89-91,26-90 --> single-side overlap
12-80,3-11 --> 
42-91,90-92 --> single-side overlap
19-20,20-82 --> single-side overlap
89-91,33-90 --> single-side overlap
45-85,2-92 --> right covers left. 
43-90,91-96 --> 
43-77,43-90 --> right covers left. 
12-94,19-95 --> single-side overlap
89-90,38-89 --> single-side overlap
95-98,96-98 --> left covers right. 
11-18,17-69 --> single-side overlap
3-52,1-4 --> single-side overlap
7-53,52-81 --> single-side overlap
61-72,66-73 --> single-side overlap
4-69,37-69 --> left covers right. 
29-94,30-75 --> left covers right. 
32-94,56-95 --> single-side overlap
1-98,3-94 --> left covers right. 
94-94,74-94 --> right covers left. 
13-70,14-85 --> single-side overlap
4-52,25-53 --> single-side overlap
65-91,83-87 --> left covers right. 
7-10,11-11 --> 
31-32,39-77 --> 
35-58,36-48 --> left covers right. 
28-66,27-76 --> right covers left. 
56-56,57-67 --> 
13-64,13-64 --> left covers right. right covers left. 
34-75,33-44 --> single-side overlap
2-88,1-99 --> right covers left. 
14-51,51-69 --> single-side overlap
14-75,10-89 --> right covers left. 
31-92,40-44 --> left covers right. 
32-41,42-89 --> 
87-98,16-95 --> single-side overlap
49-50,50-91 --> single-side overlap
66-74,38-95 --> right covers left. 
74-75,74-88 --> right covers left. 
18-80,19-85 --> single-side overlap
1-98,1-98 --> left covers right. right covers left. 
83-87,8-84 --> single-side overlap
58-91,52-92 --> right covers left. 
1-70,1-99 --> right covers left. 
18-40,12-18 --> single-side overlap
9-25,9-24 --> left covers right. 
31-73,17-83 --> right covers left. 
43-46,42-45 --> single-side overlap
3-5,4-83 --> single-side overlap
14-70,29-55 --> left covers right. 
1-76,62-77 --> single-side overlap
4-18,5-18 --> left covers right. 
72-97,71-71 --> 
69-69,5-69 --> right covers left. 
92-94,73-93 --> single-side overlap
63-94,64-93 --> left covers right. 
32-69,13-69 --> right covers left. 
25-81,26-82 --> single-side overlap
18-66,5-92 --> right covers left. 
32-34,8-33 --> single-side overlap
5-46,4-88 --> right covers left. 
41-83,12-41 --> single-side overlap
35-63,51-63 --> left covers right. 
15-87,15-90 --> right covers left. 
18-82,17-18 --> single-side overlap
19-41,18-20 --> single-side overlap
10-93,10-10 --> left covers right. 
30-71,50-70 --> left covers right. 
10-64,9-72 --> right covers left. 
76-77,5-77 --> right covers left. 
59-59,59-59 --> left covers right. right covers left. 
3-54,2-72 --> right covers left. 
7-8,7-25 --> right covers left. 
74-79,74-92 --> right covers left. 
9-9,10-55 --> 
6-94,58-94 --> left covers right. 
27-86,60-86 --> left covers right. 
17-99,14-98 --> single-side overlap
23-26,21-25 --> single-side overlap
5-85,4-6 --> single-side overlap
60-86,20-85 --> single-side overlap
52-91,92-94 --> 
74-74,45-75 --> right covers left. 
2-4,3-95 --> single-side overlap
67-93,47-93 --> right covers left. 
95-98,95-98 --> left covers right. right covers left. 
93-93,50-93 --> right covers left. 
82-83,18-82 --> single-side overlap
6-97,5-7 --> single-side overlap
7-98,8-99 --> single-side overlap
24-63,12-64 --> right covers left. 
16-57,15-56 --> single-side overlap
1-92,1-96 --> right covers left. 
51-81,84-91 --> 
2-88,1-1 --> 
34-34,35-70 --> 
91-98,9-67 --> 
51-94,2-79 --> single-side overlap
5-99,6-98 --> left covers right. 
32-92,32-92 --> left covers right. right covers left. 
4-69,3-3 --> 
65-83,64-84 --> right covers left. 
63-65,11-64 --> single-side overlap
58-58,50-60 --> right covers left. 
21-88,74-86 --> left covers right. 
40-76,40-55 --> left covers right. 
47-49,16-48 --> single-side overlap
76-76,35-76 --> right covers left. 
52-72,71-71 --> left covers right. 
7-59,6-58 --> single-side overlap
2-84,1-3 --> single-side overlap
32-99,22-96 --> single-side overlap
8-23,8-22 --> left covers right. 
11-11,11-47 --> right covers left. 
29-29,30-85 --> 
89-92,87-91 --> single-side overlap
12-36,12-37 --> right covers left. 
2-91,50-97 --> single-side overlap
12-34,29-35 --> single-side overlap
75-88,20-75 --> single-side overlap
7-88,7-7 --> left covers right. 
25-35,6-36 --> right covers left. 
35-41,34-87 --> right covers left. 
68-72,28-78 --> right covers left. 
12-99,1-98 --> single-side overlap
16-76,2-75 --> single-side overlap
6-75,7-76 --> single-side overlap
6-97,5-99 --> right covers left. 
4-98,4-97 --> left covers right. 
1-2,1-99 --> right covers left. 
3-91,91-92 --> single-side overlap
41-87,6-88 --> right covers left. 
40-61,9-79 --> right covers left. 
7-93,7-92 --> left covers right. 
71-72,72-85 --> single-side overlap
24-94,23-23 --> 
42-90,89-90 --> left covers right. 
3-76,33-77 --> single-side overlap
55-58,56-59 --> single-side overlap
40-87,88-98 --> 
16-16,17-99 --> 
40-98,92-99 --> single-side overlap
33-39,23-38 --> single-side overlap
21-60,15-59 --> single-side overlap
40-44,40-44 --> left covers right. right covers left. 
81-84,85-85 --> 
33-96,40-67 --> left covers right. 
15-93,91-94 --> single-side overlap
82-83,81-95 --> right covers left. 
20-90,90-91 --> single-side overlap
37-58,38-58 --> left covers right. 
47-47,46-59 --> right covers left. 
3-71,2-2 --> 
37-73,72-73 --> left covers right. 
12-86,86-87 --> single-side overlap
15-26,4-27 --> right covers left. 
21-22,21-31 --> right covers left. 
78-92,30-93 --> right covers left. 
2-85,2-85 --> left covers right. right covers left. 
92-92,6-93 --> right covers left. 
15-79,80-80 --> 
56-56,55-60 --> right covers left. 
14-61,61-79 --> single-side overlap
4-51,51-52 --> single-side overlap
8-8,7-7 --> 
47-52,22-53 --> right covers left. 
41-85,77-85 --> left covers right. 
56-81,19-78 --> single-side overlap
78-88,62-87 --> single-side overlap
40-96,44-95 --> left covers right. 
56-58,28-58 --> right covers left. 
7-70,6-69 --> single-side overlap
8-44,8-9 --> left covers right. 
36-84,13-35 --> 
67-93,77-93 --> left covers right. 
6-87,5-5 --> 
59-86,9-60 --> single-side overlap
35-48,35-53 --> right covers left. 
81-96,82-97 --> single-side overlap
11-49,1-10 --> 
14-14,15-27 --> 
28-68,90-92 --> 
46-46,47-61 --> 
66-66,66-98 --> right covers left. 
1-40,2-40 --> left covers right. 
68-85,50-88 --> right covers left. 
25-25,26-97 --> 
30-56,36-57 --> single-side overlap
40-96,39-97 --> right covers left. 
23-99,23-24 --> left covers right. 
88-97,61-88 --> single-side overlap
24-26,23-67 --> right covers left. 
92-99,93-93 --> left covers right. 
15-66,14-16 --> single-side overlap
13-76,12-75 --> single-side overlap
25-44,19-25 --> single-side overlap
6-13,9-14 --> single-side overlap
24-24,12-24 --> right covers left. 
10-98,99-99 --> 
26-98,26-72 --> left covers right. 
2-47,2-47 --> left covers right. right covers left. 
27-87,27-51 --> left covers right. 
40-89,41-74 --> left covers right. 
1-92,91-92 --> left covers right. 
8-99,7-98 --> single-side overlap
68-85,13-68 --> single-side overlap
71-93,70-70 --> 
63-84,8-89 --> right covers left. 
17-73,85-85 --> 
48-80,48-48 --> left covers right. 
73-91,94-99 --> 
54-72,2-42 --> 
15-78,15-78 --> left covers right. right covers left. 
27-62,28-40 --> left covers right. 
10-60,12-60 --> left covers right. 
11-92,11-99 --> right covers left. 
7-7,8-97 --> 
5-54,4-5 --> single-side overlap
9-85,84-84 --> left covers right. 
36-83,52-82 --> left covers right. 
1-92,1-2 --> left covers right. 
55-70,56-71 --> single-side overlap
35-36,36-92 --> single-side overlap
27-60,60-79 --> single-side overlap
1-95,1-97 --> right covers left. 
11-89,10-10 --> 
24-90,42-83 --> left covers right. 
2-96,2-2 --> left covers right. 
25-88,97-99 --> 
3-96,4-97 --> single-side overlap
22-88,22-23 --> left covers right. 
4-4,5-77 --> 
5-54,55-90 --> 
40-44,19-43 --> single-side overlap
4-60,3-94 --> right covers left. 
22-93,22-93 --> left covers right. right covers left. 
9-83,24-83 --> left covers right. 
14-91,15-84 --> left covers right. 
1-82,1-84 --> right covers left. 
70-70,70-90 --> right covers left. 
29-87,87-93 --> single-side overlap
26-46,27-46 --> left covers right. 
10-70,8-10 --> single-side overlap
5-96,9-94 --> left covers right. 
18-84,18-85 --> right covers left. 
45-81,13-45 --> single-side overlap
35-77,35-78 --> right covers left. 
8-62,63-67 --> 
14-84,17-72 --> left covers right. 
75-93,75-76 --> left covers right. 
33-99,30-32 --> 
32-37,31-43 --> right covers left. 
29-29,30-52 --> 
96-96,27-64 --> 
68-70,65-70 --> right covers left. 
74-87,3-73 --> 
1-71,1-1 --> left covers right. 
1-38,38-58 --> single-side overlap
61-61,34-61 --> right covers left. 
11-97,12-64 --> left covers right. 
1-98,3-98 --> left covers right. 
5-58,6-59 --> single-side overlap
22-59,58-84 --> single-side overlap
44-68,43-63 --> single-side overlap
18-53,52-52 --> left covers right. 
23-38,24-39 --> single-side overlap
79-96,30-80 --> single-side overlap
4-97,3-99 --> right covers left. 
1-85,1-85 --> left covers right. right covers left. 
19-19,20-55 --> 
28-73,29-29 --> left covers right. 
5-69,3-89 --> right covers left. 
30-30,31-85 --> 
27-81,28-92 --> single-side overlap
37-65,36-69 --> right covers left. 
4-93,93-93 --> left covers right. 
42-42,43-55 --> 
11-97,22-98 --> single-side overlap
4-90,5-68 --> left covers right. 
41-65,10-65 --> right covers left. 
20-80,21-21 --> left covers right. 
9-85,10-53 --> left covers right. 
13-89,13-88 --> left covers right. 
99-99,85-96 --> 
98-98,11-97 --> 
29-30,10-29 --> single-side overlap
76-90,73-78 --> single-side overlap
14-76,77-93 --> 
60-70,59-75 --> right covers left. 
20-53,19-52 --> single-side overlap
65-66,1-65 --> single-side overlap
45-52,52-53 --> single-side overlap
13-84,18-84 --> left covers right. 
11-42,11-24 --> left covers right. 
14-47,5-15 --> single-side overlap
37-37,19-38 --> right covers left. 
34-43,42-42 --> left covers right. 
75-87,74-86 --> single-side overlap
23-64,22-23 --> single-side overlap
29-92,36-93 --> single-side overlap
7-98,7-8 --> left covers right. 
1-2,1-2 --> left covers right. right covers left. 
3-92,3-92 --> left covers right. right covers left. 
10-63,15-62 --> left covers right. 
4-96,3-95 --> single-side overlap
30-85,42-86 --> single-side overlap
67-81,5-68 --> single-side overlap
7-94,8-94 --> left covers right. 
10-82,2-83 --> right covers left. 
15-69,1-49 --> single-side overlap
84-91,55-81 --> 
84-95,55-84 --> single-side overlap
10-10,9-98 --> right covers left. 
11-30,12-30 --> left covers right. 
31-31,31-66 --> right covers left. 
3-66,86-99 --> 
7-77,6-76 --> single-side overlap
35-60,5-93 --> right covers left. 
73-98,34-99 --> right covers left. 
29-32,29-32 --> left covers right. right covers left. 
4-20,3-99 --> right covers left. 
12-35,18-36 --> single-side overlap
10-73,72-72 --> left covers right. 
5-89,89-90 --> single-side overlap
12-12,1-11 --> 
14-40,7-14 --> single-side overlap
11-99,6-98 --> single-side overlap
63-63,62-93 --> right covers left. 
19-91,18-90 --> single-side overlap
80-88,15-80 --> single-side overlap
36-75,22-37 --> single-side overlap
73-75,13-74 --> single-side overlap
43-92,42-91 --> single-side overlap
20-91,19-93 --> right covers left. 
18-94,17-99 --> right covers left. 
72-91,72-92 --> right covers left. 
80-82,26-55 --> 
28-88,88-88 --> left covers right. 
12-51,12-51 --> left covers right. right covers left. 
3-5,5-99 --> single-side overlap
17-57,9-58 --> right covers left. 
89-94,16-88 --> 
2-97,1-99 --> right covers left. 
98-99,92-98 --> single-side overlap
56-67,6-94 --> right covers left. 
32-81,55-81 --> left covers right. 
50-75,31-75 --> right covers left. 
41-42,32-41 --> single-side overlap
16-73,4-36 --> single-side overlap
8-98,7-7 --> 
24-51,43-50 --> left covers right. 
64-87,61-65 --> single-side overlap
30-44,30-44 --> left covers right. right covers left. 
21-26,20-82 --> right covers left. 
14-41,9-41 --> right covers left. 
2-72,3-92 --> single-side overlap
42-66,43-67 --> single-side overlap
2-99,98-98 --> left covers right. 
22-99,21-83 --> single-side overlap
40-72,22-71 --> single-side overlap
8-75,14-74 --> left covers right. 
22-92,23-95 --> single-side overlap
32-61,7-60 --> single-side overlap
7-19,19-54 --> single-side overlap
46-51,62-91 --> 
4-98,3-4 --> single-side overlap
60-65,51-60 --> single-side overlap
4-79,79-87 --> single-side overlap
19-91,19-97 --> right covers left. 
26-55,62-93 --> 
5-5,5-99 --> right covers left. 
61-67,62-67 --> left covers right. 
26-71,5-25 --> 
50-61,8-60 --> single-side overlap
4-87,2-88 --> right covers left. 
7-7,8-70 --> 
23-98,23-92 --> left covers right. 
24-25,22-24 --> single-side overlap
2-4,3-87 --> single-side overlap
4-58,3-5 --> single-side overlap
6-56,55-97 --> single-side overlap
2-15,14-60 --> single-side overlap
51-51,1-52 --> right covers left. 
65-68,1-48 --> 
21-52,52-53 --> single-side overlap
14-95,13-14 --> single-side overlap
38-39,40-83 --> 
31-48,17-30 --> 
2-43,3-3 --> left covers right. 
66-85,73-84 --> left covers right. 
28-80,21-80 --> right covers left. 
31-98,32-98 --> left covers right. 
50-64,23-63 --> single-side overlap
9-80,9-80 --> left covers right. right covers left. 
38-67,4-49 --> single-side overlap
2-94,2-94 --> left covers right. right covers left. 
19-27,28-74 --> 
98-98,41-89 --> 
9-95,21-66 --> left covers right. 
30-53,27-54 --> right covers left. 
8-8,9-80 --> 
8-9,8-97 --> right covers left. 
33-63,32-86 --> right covers left. 
8-9,8-77 --> right covers left. 
44-89,44-81 --> left covers right. 
48-74,47-73 --> single-side overlap
34-35,35-38 --> single-side overlap
64-85,31-64 --> single-side overlap
20-76,4-76 --> right covers left. 
5-5,4-93 --> right covers left. 
11-88,98-99 --> 
47-48,9-48 --> right covers left. 
54-82,28-87 --> right covers left. 
34-59,35-52 --> left covers right. 
8-81,80-82 --> single-side overlap
8-95,8-93 --> left covers right. 
6-66,7-35 --> left covers right. 
6-82,12-76 --> left covers right. 
64-77,19-76 --> single-side overlap
34-63,18-33 --> 
1-99,2-61 --> left covers right. 
74-86,73-73 --> 
46-92,34-93 --> right covers left. 
73-73,72-73 --> right covers left. 
47-48,47-70 --> right covers left. 
44-94,43-43 --> 
22-51,26-52 --> single-side overlap
1-2,1-66 --> right covers left. 
18-23,15-22 --> single-side overlap
24-24,10-24 --> right covers left. 
12-88,89-98 --> 
12-64,65-65 --> 
16-32,16-32 --> left covers right. right covers left. 
23-77,76-90 --> single-side overlap
75-86,85-99 --> single-side overlap
26-67,27-98 --> single-side overlap
66-98,67-97 --> left covers right. 
9-19,19-19 --> left covers right. 
20-59,21-60 --> single-side overlap
71-97,43-71 --> single-side overlap
21-44,22-50 --> single-side overlap
74-77,76-77 --> left covers right. 
19-46,20-47 --> single-side overlap
54-95,95-95 --> left covers right. 
95-95,79-96 --> right covers left. 
94-95,32-95 --> right covers left. 
14-15,15-69 --> single-side overlap
48-48,47-90 --> right covers left. 
18-85,18-85 --> left covers right. right covers left. 
56-78,77-79 --> single-side overlap
22-51,5-57 --> right covers left. 
5-45,6-46 --> single-side overlap
11-13,12-13 --> left covers right. 
69-90,21-69 --> single-side overlap
4-97,3-97 --> right covers left. 
77-77,59-77 --> right covers left. 
16-60,17-61 --> single-side overlap
13-69,14-70 --> single-side overlap
20-22,5-21 --> single-side overlap
32-91,79-92 --> single-side overlap
33-52,33-52 --> left covers right. right covers left. 
overall count of fully embedded ranges in pairs = 485.
overall count of somehow-overlapping ranges in pairs = 857.
